2018-01-09 23:00:31 [scrapy.utils.log] INFO: Scrapy 1.4.0 started (bot: PAIMAI)
2018-01-09 23:00:31 [scrapy.utils.log] INFO: Overridden settings: {'SPIDER_MODULES': ['PAIMAI.spiders'], 'USER_AGENT': 'Mozilla/5.0 (Windows NT 10.0; WOW64) AppleWebKit/537.36 (KHTML, like Gecko) Chrome/63.0.3239.132 Safari/537.36', 'NEWSPIDER_MODULE': 'PAIMAI.spiders', 'BOT_NAME': 'PAIMAI', 'LOG_FILE': './sipai.log', 'DOWNLOAD_DELAY': 1}
2018-01-09 23:00:31 [scrapy.middleware] INFO: Enabled extensions:
['scrapy.extensions.memusage.MemoryUsage',
 'scrapy.extensions.corestats.CoreStats',
 'scrapy.extensions.telnet.TelnetConsole',
 'scrapy.extensions.logstats.LogStats']
2018-01-09 23:00:31 [scrapy.middleware] INFO: Enabled downloader middlewares:
['scrapy.downloadermiddlewares.httpauth.HttpAuthMiddleware',
 'scrapy.downloadermiddlewares.downloadtimeout.DownloadTimeoutMiddleware',
 'scrapy.downloadermiddlewares.defaultheaders.DefaultHeadersMiddleware',
 'scrapy.downloadermiddlewares.useragent.UserAgentMiddleware',
 'scrapy.downloadermiddlewares.retry.RetryMiddleware',
 'scrapy.downloadermiddlewares.redirect.MetaRefreshMiddleware',
 'scrapy.downloadermiddlewares.httpcompression.HttpCompressionMiddleware',
 'scrapy.downloadermiddlewares.redirect.RedirectMiddleware',
 'scrapy.downloadermiddlewares.cookies.CookiesMiddleware',
 'scrapy.downloadermiddlewares.httpproxy.HttpProxyMiddleware',
 'scrapy.downloadermiddlewares.stats.DownloaderStats']
2018-01-09 23:00:31 [scrapy.middleware] INFO: Enabled spider middlewares:
['scrapy.spidermiddlewares.httperror.HttpErrorMiddleware',
 'scrapy.spidermiddlewares.offsite.OffsiteMiddleware',
 'scrapy.spidermiddlewares.referer.RefererMiddleware',
 'scrapy.spidermiddlewares.urllength.UrlLengthMiddleware',
 'scrapy.spidermiddlewares.depth.DepthMiddleware']
2018-01-09 23:00:31 [scrapy.middleware] INFO: Enabled item pipelines:
['PAIMAI.pipelines.PaimaiPipeline']
2018-01-09 23:00:31 [scrapy.core.engine] INFO: Spider opened
2018-01-09 23:00:31 [scrapy.extensions.logstats] INFO: Crawled 0 pages (at 0 pages/min), scraped 0 items (at 0 items/min)
2018-01-09 23:00:31 [scrapy.extensions.telnet] DEBUG: Telnet console listening on 127.0.0.1:6023
2018-01-09 23:00:32 [scrapy.core.engine] DEBUG: Crawled (200) <GET https://sf.taobao.com/item_list.htm?spm=a213w.7398504.filter.14.vyOF5H&category=50025969&city=&province=%D5%E3%BD%AD&sorder=2&auction_start_seg=-1> (referer: None)
2018-01-09 23:00:32 [scrapy.core.engine] DEBUG: Crawled (200) <GET https://sf.taobao.com/item_list.htm?category=50025969&city=%CE%C2%D6%DD&province=&sorder=2&auction_start_seg=-1> (referer: https://sf.taobao.com/item_list.htm?spm=a213w.7398504.filter.14.vyOF5H&category=50025969&city=&province=%D5%E3%BD%AD&sorder=2&auction_start_seg=-1)
2018-01-09 23:00:33 [scrapy.dupefilters] DEBUG: Filtered duplicate request: <GET https://sf.taobao.com/item_list.htm?category=50025969&city=%CE%C2%D6%DD&province=&sorder=2&auction_start_seg=-1> - no more duplicates will be shown (see DUPEFILTER_DEBUG to show all duplicates)
2018-01-09 23:00:34 [scrapy.core.engine] DEBUG: Crawled (200) <GET https://sf.taobao.com/item_list.htm?category=50025969&city=%C0%F6%CB%AE&province=&sorder=2&auction_start_seg=-1> (referer: https://sf.taobao.com/item_list.htm?spm=a213w.7398504.filter.14.vyOF5H&category=50025969&city=&province=%D5%E3%BD%AD&sorder=2&auction_start_seg=-1)
2018-01-09 23:00:35 [scrapy.core.engine] DEBUG: Crawled (200) <GET https://sf.taobao.com/item_list.htm?category=50025969&city=%D6%DB%C9%BD&province=&sorder=2&auction_start_seg=-1> (referer: https://sf.taobao.com/item_list.htm?spm=a213w.7398504.filter.14.vyOF5H&category=50025969&city=&province=%D5%E3%BD%AD&sorder=2&auction_start_seg=-1)
2018-01-09 23:00:37 [scrapy.core.engine] DEBUG: Crawled (200) <GET https://sf.taobao.com/item_list.htm?category=50025969&city=%CC%A8%D6%DD&province=&sorder=2&auction_start_seg=-1> (referer: https://sf.taobao.com/item_list.htm?spm=a213w.7398504.filter.14.vyOF5H&category=50025969&city=&province=%D5%E3%BD%AD&sorder=2&auction_start_seg=-1)
